# JRE version: Java(TM) SE Runtime Environment (8.0_71-b15) (build 1.8.0_71-b15)
# Java VM: Java HotSpot(TM) 64-Bit Server VM (25.71-b15 mixed mode windows-amd64 compressed oops)
Heap:
 PSYoungGen      total 196096K, used 29535K [0x0000000780700000, 0x0000000790a80000, 0x00000007c0000000)
  eden space 182272K, 8% used [0x0000000780700000,0x000000078165bdd0,0x000000078b900000)
  from space 13824K, 99% used [0x000000078b900000,0x000000078c67c0d0,0x000000078c680000)
  to   space 19456K, 0% used [0x000000078f780000,0x000000078f780000,0x0000000790a80000)
 ParOldGen       total 112128K, used 22272K [0x0000000701400000, 0x0000000708180000, 0x0000000780700000)
  object space 112128K, 19% used [0x0000000701400000,0x00000007029c02e8,0x0000000708180000)
 Metaspace       used 55473K, capacity 57818K, committed 58032K, reserved 1099776K
  class space    used 7383K, capacity 7855K, committed 7856K, reserved 1048576K
GC Heap History (10 events):
Event: 3.201 GC heap before
{Heap before GC invocations=7 (full 1):
 PSYoungGen      total 101376K, used 101352K [0x0000000780700000, 0x0000000788e80000, 0x00000007c0000000)
  eden space 93184K, 100% used [0x0000000780700000,0x0000000786200000,0x0000000786200000)
  from space 8192K, 99% used [0x0000000786200000,0x00000007869fa098,0x0000000786a00000)
  to   space 11776K, 0% used [0x0000000788300000,0x0000000788300000,0x0000000788e80000)
 ParOldGen       total 78848K, used 8336K [0x0000000701400000, 0x0000000706100000, 0x0000000780700000)
  object space 78848K, 10% used [0x0000000701400000,0x0000000701c24108,0x0000000706100000)
 Metaspace       used 33334K, capacity 34916K, committed 34992K, reserved 1079296K
  class space    used 4496K, capacity 4784K, committed 4784K, reserved 1048576K
Event: 3.211 GC heap after
Heap after GC invocations=7 (full 1):
 PSYoungGen      total 125440K, used 11090K [0x0000000780700000, 0x000000078a800000, 0x00000007c0000000)
  eden space 113664K, 0% used [0x0000000780700000,0x0000000780700000,0x0000000787600000)
  from space 11776K, 94% used [0x0000000788300000,0x0000000788dd4bd8,0x0000000788e80000)
  to   space 13312K, 0% used [0x0000000787600000,0x0000000787600000,0x0000000788300000)
 ParOldGen       total 78848K, used 8408K [0x0000000701400000, 0x0000000706100000, 0x0000000780700000)
  object space 78848K, 10% used [0x0000000701400000,0x0000000701c36118,0x0000000706100000)
 Metaspace       used 33334K, capacity 34916K, committed 34992K, reserved 1079296K
  class space    used 4496K, capacity 4784K, committed 4784K, reserved 1048576K
}
Event: 3.284 GC heap before
{Heap before GC invocations=8 (full 1):
 PSYoungGen      total 125440K, used 18572K [0x0000000780700000, 0x000000078a800000, 0x00000007c0000000)
  eden space 113664K, 6% used [0x0000000780700000,0x0000000780e4e660,0x0000000787600000)
  from space 11776K, 94% used [0x0000000788300000,0x0000000788dd4bd8,0x0000000788e80000)
  to   space 13312K, 0% used [0x0000000787600000,0x0000000787600000,0x0000000788300000)
 ParOldGen       total 78848K, used 8408K [0x0000000701400000, 0x0000000706100000, 0x0000000780700000)
  object space 78848K, 10% used [0x0000000701400000,0x0000000701c36118,0x0000000706100000)
 Metaspace       used 33800K, capacity 35364K, committed 35496K, reserved 1079296K
  class space    used 4557K, capacity 4848K, committed 4912K, reserved 1048576K
Event: 3.292 GC heap after
Heap after GC invocations=8 (full 1):
 PSYoungGen      total 126976K, used 7161K [0x0000000780700000, 0x000000078d500000, 0x00000007c0000000)
  eden space 113664K, 0% used [0x0000000780700000,0x0000000780700000,0x0000000787600000)
  from space 13312K, 53% used [0x0000000787600000,0x0000000787cfe608,0x0000000788300000)
  to   space 12800K, 0% used [0x000000078c880000,0x000000078c880000,0x000000078d500000)
 ParOldGen       total 78848K, used 8416K [0x0000000701400000, 0x0000000706100000, 0x0000000780700000)
  object space 78848K, 10% used [0x0000000701400000,0x0000000701c38118,0x0000000706100000)
 Metaspace       used 33800K, capacity 35364K, committed 35496K, reserved 1079296K
  class space    used 4557K, capacity 4848K, committed 4912K, reserved 1048576K
}
Event: 3.292 GC heap before
{Heap before GC invocations=9 (full 2):
 PSYoungGen      total 126976K, used 7161K [0x0000000780700000, 0x000000078d500000, 0x00000007c0000000)
  eden space 113664K, 0% used [0x0000000780700000,0x0000000780700000,0x0000000787600000)
  from space 13312K, 53% used [0x0000000787600000,0x0000000787cfe608,0x0000000788300000)
  to   space 12800K, 0% used [0x000000078c880000,0x000000078c880000,0x000000078d500000)
 ParOldGen       total 78848K, used 8416K [0x0000000701400000, 0x0000000706100000, 0x0000000780700000)
  object space 78848K, 10% used [0x0000000701400000,0x0000000701c38118,0x0000000706100000)
 Metaspace       used 33800K, capacity 35364K, committed 35496K, reserved 1079296K
  class space    used 4557K, capacity 4848K, committed 4912K, reserved 1048576K
Event: 3.342 GC heap after
Heap after GC invocations=9 (full 2):
 PSYoungGen      total 126976K, used 0K [0x0000000780700000, 0x000000078d500000, 0x00000007c0000000)
  eden space 113664K, 0% used [0x0000000780700000,0x0000000780700000,0x0000000787600000)
  from space 13312K, 0% used [0x0000000787600000,0x0000000787600000,0x0000000788300000)
  to   space 12800K, 0% used [0x000000078c880000,0x000000078c880000,0x000000078d500000)
 ParOldGen       total 112128K, used 12917K [0x0000000701400000, 0x0000000708180000, 0x0000000780700000)
  object space 112128K, 11% used [0x0000000701400000,0x000000070209d4f0,0x0000000708180000)
 Metaspace       used 33800K, capacity 35364K, committed 35496K, reserved 1079296K
  class space    used 4557K, capacity 4848K, committed 4912K, reserved 1048576K
}
Event: 4.542 GC heap before
{Heap before GC invocations=10 (full 2):
 PSYoungGen      total 126976K, used 113664K [0x0000000780700000, 0x000000078d500000, 0x00000007c0000000)
  eden space 113664K, 100% used [0x0000000780700000,0x0000000787600000,0x0000000787600000)
  from space 13312K, 0% used [0x0000000787600000,0x0000000787600000,0x0000000788300000)
  to   space 12800K, 0% used [0x000000078c880000,0x000000078c880000,0x000000078d500000)
 ParOldGen       total 112128K, used 12917K [0x0000000701400000, 0x0000000708180000, 0x0000000780700000)
  object space 112128K, 11% used [0x0000000701400000,0x000000070209d4f0,0x0000000708180000)
 Metaspace       used 42930K, capacity 44714K, committed 44848K, reserved 1087488K
  class space    used 5822K, capacity 6191K, committed 6192K, reserved 1048576K
Event: 4.553 GC heap after
Heap after GC invocations=10 (full 2):
 PSYoungGen      total 187904K, used 11361K [0x0000000780700000, 0x000000078d400000, 0x00000007c0000000)
  eden space 176128K, 0% used [0x0000000780700000,0x0000000780700000,0x000000078b300000)
  from space 11776K, 96% used [0x000000078c880000,0x000000078d398590,0x000000078d400000)
  to   space 13824K, 0% used [0x000000078b900000,0x000000078b900000,0x000000078c680000)
 ParOldGen       total 112128K, used 12925K [0x0000000701400000, 0x0000000708180000, 0x0000000780700000)
  object space 112128K, 11% used [0x0000000701400000,0x000000070209f4f0,0x0000000708180000)
 Metaspace       used 42930K, capacity 44714K, committed 44848K, reserved 1087488K
  class space    used 5822K, capacity 6191K, committed 6192K, reserved 1048576K
}
Event: 36.432 GC heap before
{Heap before GC invocations=11 (full 2):
 PSYoungGen      total 187904K, used 187489K [0x0000000780700000, 0x000000078d400000, 0x00000007c0000000)
  eden space 176128K, 100% used [0x0000000780700000,0x000000078b300000,0x000000078b300000)
  from space 11776K, 96% used [0x000000078c880000,0x000000078d398590,0x000000078d400000)
  to   space 13824K, 0% used [0x000000078b900000,0x000000078b900000,0x000000078c680000)
 ParOldGen       total 112128K, used 12925K [0x0000000701400000, 0x0000000708180000, 0x0000000780700000)
  object space 112128K, 11% used [0x0000000701400000,0x000000070209f4f0,0x0000000708180000)
 Metaspace       used 54867K, capacity 57184K, committed 57520K, reserved 1099776K
  class space    used 7300K, capacity 7754K, committed 7856K, reserved 1048576K
Event: 36.449 GC heap after
Heap after GC invocations=11 (full 2):
 PSYoungGen      total 196096K, used 13808K [0x0000000780700000, 0x0000000790a80000, 0x00000007c0000000)
  eden space 182272K, 0% used [0x0000000780700000,0x0000000780700000,0x000000078b900000)
  from space 13824K, 99% used [0x000000078b900000,0x000000078c67c0d0,0x000000078c680000)
  to   space 19456K, 0% used [0x000000078f780000,0x000000078f780000,0x0000000790a80000)
 ParOldGen       total 112128K, used 22272K [0x0000000701400000, 0x0000000708180000, 0x0000000780700000)
  object space 112128K, 19% used [0x0000000701400000,0x00000007029c02e8,0x0000000708180000)
 Metaspace       used 54867K, capacity 57184K, committed 57520K, reserved 1099776K
  class space    used 7300K, capacity 7754K, committed 7856K, reserved 1048576K
}

