# JRE version: Java(TM) SE Runtime Environment (8.0_71-b15) (build 1.8.0_71-b15)
# Java VM: Java HotSpot(TM) 64-Bit Server VM (25.71-b15 mixed mode windows-amd64 compressed oops)
Heap:
 PSYoungGen      total 157184K, used 95681K [0x0000000780700000, 0x000000078b480000, 0x00000007c0000000)
  eden space 142848K, 56% used [0x0000000780700000,0x0000000785676188,0x0000000789280000)
  from space 14336K, 99% used [0x000000078a680000,0x000000078b47a5c8,0x000000078b480000)
  to   space 16896K, 0% used [0x0000000789380000,0x0000000789380000,0x000000078a400000)
 ParOldGen       total 133120K, used 18873K [0x0000000701400000, 0x0000000709600000, 0x0000000780700000)
  object space 133120K, 14% used [0x0000000701400000,0x000000070266e4f8,0x0000000709600000)
 Metaspace       used 54782K, capacity 57174K, committed 57512K, reserved 1099776K
  class space    used 7295K, capacity 7761K, committed 7856K, reserved 1048576K
GC Heap History (10 events):
Event: 3.074 GC heap before
{Heap before GC invocations=6 (full 1):
 PSYoungGen      total 77312K, used 77288K [0x0000000780700000, 0x0000000787180000, 0x00000007c0000000)
  eden space 74752K, 100% used [0x0000000780700000,0x0000000785000000,0x0000000785000000)
  from space 2560K, 99% used [0x0000000786f00000,0x000000078717a350,0x0000000787180000)
  to   space 8192K, 0% used [0x0000000786180000,0x0000000786180000,0x0000000786980000)
 ParOldGen       total 80384K, used 7624K [0x0000000701400000, 0x0000000706280000, 0x0000000780700000)
  object space 80384K, 9% used [0x0000000701400000,0x0000000701b72090,0x0000000706280000)
 Metaspace       used 26486K, capacity 27650K, committed 27952K, reserved 1073152K
  class space    used 3550K, capacity 3819K, committed 3888K, reserved 1048576K
Event: 3.085 GC heap after
Heap after GC invocations=6 (full 1):
 PSYoungGen      total 100864K, used 8191K [0x0000000780700000, 0x0000000788b00000, 0x00000007c0000000)
  eden space 92672K, 0% used [0x0000000780700000,0x0000000780700000,0x0000000786180000)
  from space 8192K, 99% used [0x0000000786180000,0x000000078697ffc8,0x0000000786980000)
  to   space 11776K, 0% used [0x0000000787f80000,0x0000000787f80000,0x0000000788b00000)
 ParOldGen       total 80384K, used 8265K [0x0000000701400000, 0x0000000706280000, 0x0000000780700000)
  object space 80384K, 10% used [0x0000000701400000,0x0000000701c126c8,0x0000000706280000)
 Metaspace       used 26486K, capacity 27650K, committed 27952K, reserved 1073152K
  class space    used 3550K, capacity 3819K, committed 3888K, reserved 1048576K
}
Event: 4.265 GC heap before
{Heap before GC invocations=7 (full 1):
 PSYoungGen      total 100864K, used 98076K [0x0000000780700000, 0x0000000788b00000, 0x00000007c0000000)
  eden space 92672K, 96% used [0x0000000780700000,0x0000000785ec7210,0x0000000786180000)
  from space 8192K, 99% used [0x0000000786180000,0x000000078697ffc8,0x0000000786980000)
  to   space 11776K, 0% used [0x0000000787f80000,0x0000000787f80000,0x0000000788b00000)
 ParOldGen       total 80384K, used 8265K [0x0000000701400000, 0x0000000706280000, 0x0000000780700000)
  object space 80384K, 10% used [0x0000000701400000,0x0000000701c126c8,0x0000000706280000)
 Metaspace       used 33795K, capacity 35404K, committed 35496K, reserved 1079296K
  class space    used 4432K, capacity 4754K, committed 4784K, reserved 1048576K
Event: 4.280 GC heap after
Heap after GC invocations=7 (full 1):
 PSYoungGen      total 121856K, used 11354K [0x0000000780700000, 0x000000078a580000, 0x00000007c0000000)
  eden space 110080K, 0% used [0x0000000780700000,0x0000000780700000,0x0000000787280000)
  from space 11776K, 96% used [0x0000000787f80000,0x0000000788a96948,0x0000000788b00000)
  to   space 13312K, 0% used [0x0000000787280000,0x0000000787280000,0x0000000787f80000)
 ParOldGen       total 80384K, used 8337K [0x0000000701400000, 0x0000000706280000, 0x0000000780700000)
  object space 80384K, 10% used [0x0000000701400000,0x0000000701c246d8,0x0000000706280000)
 Metaspace       used 33795K, capacity 35404K, committed 35496K, reserved 1079296K
  class space    used 4432K, capacity 4754K, committed 4784K, reserved 1048576K
}
Event: 4.280 GC heap before
{Heap before GC invocations=8 (full 2):
 PSYoungGen      total 121856K, used 11354K [0x0000000780700000, 0x000000078a580000, 0x00000007c0000000)
  eden space 110080K, 0% used [0x0000000780700000,0x0000000780700000,0x0000000787280000)
  from space 11776K, 96% used [0x0000000787f80000,0x0000000788a96948,0x0000000788b00000)
  to   space 13312K, 0% used [0x0000000787280000,0x0000000787280000,0x0000000787f80000)
 ParOldGen       total 80384K, used 8337K [0x0000000701400000, 0x0000000706280000, 0x0000000780700000)
  object space 80384K, 10% used [0x0000000701400000,0x0000000701c246d8,0x0000000706280000)
 Metaspace       used 33795K, capacity 35404K, committed 35496K, reserved 1079296K
  class space    used 4432K, capacity 4754K, committed 4784K, reserved 1048576K
Event: 4.366 GC heap after
Heap after GC invocations=8 (full 2):
 PSYoungGen      total 121856K, used 0K [0x0000000780700000, 0x000000078a580000, 0x00000007c0000000)
  eden space 110080K, 0% used [0x0000000780700000,0x0000000780700000,0x0000000787280000)
  from space 11776K, 0% used [0x0000000787f80000,0x0000000787f80000,0x0000000788b00000)
  to   space 13312K, 0% used [0x0000000787280000,0x0000000787280000,0x0000000787f80000)
 ParOldGen       total 133120K, used 16842K [0x0000000701400000, 0x0000000709600000, 0x0000000780700000)
  object space 133120K, 12% used [0x0000000701400000,0x0000000702472be0,0x0000000709600000)
 Metaspace       used 33795K, capacity 35404K, committed 35496K, reserved 1079296K
  class space    used 4432K, capacity 4754K, committed 4784K, reserved 1048576K
}
Event: 5.665 GC heap before
{Heap before GC invocations=9 (full 2):
 PSYoungGen      total 121856K, used 110080K [0x0000000780700000, 0x000000078a580000, 0x00000007c0000000)
  eden space 110080K, 100% used [0x0000000780700000,0x0000000787280000,0x0000000787280000)
  from space 11776K, 0% used [0x0000000787f80000,0x0000000787f80000,0x0000000788b00000)
  to   space 13312K, 0% used [0x0000000787280000,0x0000000787280000,0x0000000787f80000)
 ParOldGen       total 133120K, used 16842K [0x0000000701400000, 0x0000000709600000, 0x0000000780700000)
  object space 133120K, 12% used [0x0000000701400000,0x0000000702472be0,0x0000000709600000)
 Metaspace       used 42330K, capacity 44050K, committed 44456K, reserved 1087488K
  class space    used 5712K, capacity 6045K, committed 6064K, reserved 1048576K
Event: 5.675 GC heap after
Heap after GC invocations=9 (full 2):
 PSYoungGen      total 123392K, used 10548K [0x0000000780700000, 0x000000078b480000, 0x00000007c0000000)
  eden space 110080K, 0% used [0x0000000780700000,0x0000000780700000,0x0000000787280000)
  from space 13312K, 79% used [0x0000000787280000,0x0000000787ccd078,0x0000000787f80000)
  to   space 14336K, 0% used [0x000000078a680000,0x000000078a680000,0x000000078b480000)
 ParOldGen       total 133120K, used 16850K [0x0000000701400000, 0x0000000709600000, 0x0000000780700000)
  object space 133120K, 12% used [0x0000000701400000,0x0000000702474be0,0x0000000709600000)
 Metaspace       used 42330K, capacity 44050K, committed 44456K, reserved 1087488K
  class space    used 5712K, capacity 6045K, committed 6064K, reserved 1048576K
}
Event: 21.958 GC heap before
{Heap before GC invocations=10 (full 2):
 PSYoungGen      total 123392K, used 120628K [0x0000000780700000, 0x000000078b480000, 0x00000007c0000000)
  eden space 110080K, 100% used [0x0000000780700000,0x0000000787280000,0x0000000787280000)
  from space 13312K, 79% used [0x0000000787280000,0x0000000787ccd078,0x0000000787f80000)
  to   space 14336K, 0% used [0x000000078a680000,0x000000078a680000,0x000000078b480000)
 ParOldGen       total 133120K, used 16850K [0x0000000701400000, 0x0000000709600000, 0x0000000780700000)
  object space 133120K, 12% used [0x0000000701400000,0x0000000702474be0,0x0000000709600000)
 Metaspace       used 49807K, capacity 52036K, committed 52136K, reserved 1093632K
  class space    used 6648K, capacity 7083K, committed 7088K, reserved 1048576K
Event: 21.974 GC heap after
Heap after GC invocations=10 (full 2):
 PSYoungGen      total 157184K, used 14313K [0x0000000780700000, 0x000000078b480000, 0x00000007c0000000)
  eden space 142848K, 0% used [0x0000000780700000,0x0000000780700000,0x0000000789280000)
  from space 14336K, 99% used [0x000000078a680000,0x000000078b47a5c8,0x000000078b480000)
  to   space 16896K, 0% used [0x0000000789380000,0x0000000789380000,0x000000078a400000)
 ParOldGen       total 133120K, used 18873K [0x0000000701400000, 0x0000000709600000, 0x0000000780700000)
  object space 133120K, 14% used [0x0000000701400000,0x000000070266e4f8,0x0000000709600000)
 Metaspace       used 49807K, capacity 52036K, committed 52136K, reserved 1093632K
  class space    used 6648K, capacity 7083K, committed 7088K, reserved 1048576K
}

