# JRE version: Java(TM) SE Runtime Environment (8.0_71-b15) (build 1.8.0_71-b15)
# Java VM: Java HotSpot(TM) 64-Bit Server VM (25.71-b15 mixed mode windows-amd64 compressed oops)
Heap:
 PSYoungGen      total 176128K, used 45595K [0x0000000780700000, 0x000000078e580000, 0x00000007c0000000)
  eden space 159744K, 18% used [0x0000000780700000,0x0000000782387740,0x000000078a300000)
  from space 16384K, 99% used [0x000000078a300000,0x000000078b2ff540,0x000000078b300000)
  to   space 19968K, 0% used [0x000000078d200000,0x000000078d200000,0x000000078e580000)
 ParOldGen       total 124928K, used 20031K [0x0000000701400000, 0x0000000708e00000, 0x0000000780700000)
  object space 124928K, 16% used [0x0000000701400000,0x000000070278fc10,0x0000000708e00000)
 Metaspace       used 56265K, capacity 58839K, committed 58920K, reserved 1099776K
  class space    used 7464K, capacity 7974K, committed 7984K, reserved 1048576K
GC Heap History (10 events):
Event: 4.106 GC heap before
{Heap before GC invocations=7 (full 1):
 PSYoungGen      total 101376K, used 97163K [0x0000000780700000, 0x0000000788c00000, 0x00000007c0000000)
  eden space 93184K, 95% used [0x0000000780700000,0x0000000785de4b98,0x0000000786200000)
  from space 8192K, 99% used [0x0000000786200000,0x00000007869fe248,0x0000000786a00000)
  to   space 11776K, 0% used [0x0000000788080000,0x0000000788080000,0x0000000788c00000)
 ParOldGen       total 80896K, used 8830K [0x0000000701400000, 0x0000000706300000, 0x0000000780700000)
  object space 80896K, 10% used [0x0000000701400000,0x0000000701c9fa98,0x0000000706300000)
 Metaspace       used 33739K, capacity 35369K, committed 35496K, reserved 1079296K
  class space    used 4427K, capacity 4761K, committed 4784K, reserved 1048576K
Event: 4.131 GC heap after
Heap after GC invocations=7 (full 1):
 PSYoungGen      total 122880K, used 11174K [0x0000000780700000, 0x000000078ab80000, 0x00000007c0000000)
  eden space 111104K, 0% used [0x0000000780700000,0x0000000780700000,0x0000000787380000)
  from space 11776K, 94% used [0x0000000788080000,0x0000000788b69b88,0x0000000788c00000)
  to   space 13312K, 0% used [0x0000000787380000,0x0000000787380000,0x0000000788080000)
 ParOldGen       total 80896K, used 8902K [0x0000000701400000, 0x0000000706300000, 0x0000000780700000)
  object space 80896K, 11% used [0x0000000701400000,0x0000000701cb1aa8,0x0000000706300000)
 Metaspace       used 33739K, capacity 35369K, committed 35496K, reserved 1079296K
  class space    used 4427K, capacity 4761K, committed 4784K, reserved 1048576K
}
Event: 4.131 GC heap before
{Heap before GC invocations=8 (full 2):
 PSYoungGen      total 122880K, used 11174K [0x0000000780700000, 0x000000078ab80000, 0x00000007c0000000)
  eden space 111104K, 0% used [0x0000000780700000,0x0000000780700000,0x0000000787380000)
  from space 11776K, 94% used [0x0000000788080000,0x0000000788b69b88,0x0000000788c00000)
  to   space 13312K, 0% used [0x0000000787380000,0x0000000787380000,0x0000000788080000)
 ParOldGen       total 80896K, used 8902K [0x0000000701400000, 0x0000000706300000, 0x0000000780700000)
  object space 80896K, 11% used [0x0000000701400000,0x0000000701cb1aa8,0x0000000706300000)
 Metaspace       used 33739K, capacity 35369K, committed 35496K, reserved 1079296K
  class space    used 4427K, capacity 4761K, committed 4784K, reserved 1048576K
Event: 4.180 GC heap after
Heap after GC invocations=8 (full 2):
 PSYoungGen      total 122880K, used 0K [0x0000000780700000, 0x000000078ab80000, 0x00000007c0000000)
  eden space 111104K, 0% used [0x0000000780700000,0x0000000780700000,0x0000000787380000)
  from space 11776K, 0% used [0x0000000788080000,0x0000000788080000,0x0000000788c00000)
  to   space 13312K, 0% used [0x0000000787380000,0x0000000787380000,0x0000000788080000)
 ParOldGen       total 124928K, used 16990K [0x0000000701400000, 0x0000000708e00000, 0x0000000780700000)
  object space 124928K, 13% used [0x0000000701400000,0x0000000702497ae0,0x0000000708e00000)
 Metaspace       used 33739K, capacity 35369K, committed 35496K, reserved 1079296K
  class space    used 4427K, capacity 4761K, committed 4784K, reserved 1048576K
}
Event: 5.256 GC heap before
{Heap before GC invocations=9 (full 2):
 PSYoungGen      total 122880K, used 110285K [0x0000000780700000, 0x000000078ab80000, 0x00000007c0000000)
  eden space 111104K, 99% used [0x0000000780700000,0x00000007872b37e8,0x0000000787380000)
  from space 11776K, 0% used [0x0000000788080000,0x0000000788080000,0x0000000788c00000)
  to   space 13312K, 0% used [0x0000000787380000,0x0000000787380000,0x0000000788080000)
 ParOldGen       total 124928K, used 16990K [0x0000000701400000, 0x0000000708e00000, 0x0000000780700000)
  object space 124928K, 13% used [0x0000000701400000,0x0000000702497ae0,0x0000000708e00000)
 Metaspace       used 42432K, capacity 44135K, committed 44584K, reserved 1087488K
  class space    used 5726K, capacity 6078K, committed 6192K, reserved 1048576K
Event: 5.268 GC heap after
Heap after GC invocations=9 (full 2):
 PSYoungGen      total 124416K, used 11872K [0x0000000780700000, 0x000000078c380000, 0x00000007c0000000)
  eden space 111104K, 0% used [0x0000000780700000,0x0000000780700000,0x0000000787380000)
  from space 13312K, 89% used [0x0000000787380000,0x0000000787f183f0,0x0000000788080000)
  to   space 14848K, 0% used [0x000000078b500000,0x000000078b500000,0x000000078c380000)
 ParOldGen       total 124928K, used 16998K [0x0000000701400000, 0x0000000708e00000, 0x0000000780700000)
  object space 124928K, 13% used [0x0000000701400000,0x0000000702499ae0,0x0000000708e00000)
 Metaspace       used 42432K, capacity 44135K, committed 44584K, reserved 1087488K
  class space    used 5726K, capacity 6078K, committed 6192K, reserved 1048576K
}
Event: 21.959 GC heap before
{Heap before GC invocations=10 (full 2):
 PSYoungGen      total 124416K, used 122976K [0x0000000780700000, 0x000000078c380000, 0x00000007c0000000)
  eden space 111104K, 100% used [0x0000000780700000,0x0000000787380000,0x0000000787380000)
  from space 13312K, 89% used [0x0000000787380000,0x0000000787f183f0,0x0000000788080000)
  to   space 14848K, 0% used [0x000000078b500000,0x000000078b500000,0x000000078c380000)
 ParOldGen       total 124928K, used 16998K [0x0000000701400000, 0x0000000708e00000, 0x0000000780700000)
  object space 124928K, 13% used [0x0000000701400000,0x0000000702499ae0,0x0000000708e00000)
 Metaspace       used 50599K, capacity 52815K, committed 53032K, reserved 1095680K
  class space    used 6696K, capacity 7118K, committed 7216K, reserved 1048576K
Event: 21.974 GC heap after
Heap after GC invocations=10 (full 2):
 PSYoungGen      total 170496K, used 14109K [0x0000000780700000, 0x000000078c300000, 0x00000007c0000000)
  eden space 156160K, 0% used [0x0000000780700000,0x0000000780700000,0x0000000789f80000)
  from space 14336K, 98% used [0x000000078b500000,0x000000078c2c7418,0x000000078c300000)
  to   space 16384K, 0% used [0x000000078a300000,0x000000078a300000,0x000000078b300000)
 ParOldGen       total 124928K, used 17006K [0x0000000701400000, 0x0000000708e00000, 0x0000000780700000)
  object space 124928K, 13% used [0x0000000701400000,0x000000070249bae0,0x0000000708e00000)
 Metaspace       used 50599K, capacity 52815K, committed 53032K, reserved 1095680K
  class space    used 6696K, capacity 7118K, committed 7216K, reserved 1048576K
}
Event: 103.012 GC heap before
{Heap before GC invocations=11 (full 2):
 PSYoungGen      total 170496K, used 170269K [0x0000000780700000, 0x000000078c300000, 0x00000007c0000000)
  eden space 156160K, 100% used [0x0000000780700000,0x0000000789f80000,0x0000000789f80000)
  from space 14336K, 98% used [0x000000078b500000,0x000000078c2c7418,0x000000078c300000)
  to   space 16384K, 0% used [0x000000078a300000,0x000000078a300000,0x000000078b300000)
 ParOldGen       total 124928K, used 17006K [0x0000000701400000, 0x0000000708e00000, 0x0000000780700000)
  object space 124928K, 13% used [0x0000000701400000,0x000000070249bae0,0x0000000708e00000)
 Metaspace       used 56036K, capacity 58549K, committed 58664K, reserved 1099776K
  class space    used 7437K, capacity 7931K, committed 7984K, reserved 1048576K
Event: 103.030 GC heap after
Heap after GC invocations=11 (full 2):
 PSYoungGen      total 176128K, used 16381K [0x0000000780700000, 0x000000078e580000, 0x00000007c0000000)
  eden space 159744K, 0% used [0x0000000780700000,0x0000000780700000,0x000000078a300000)
  from space 16384K, 99% used [0x000000078a300000,0x000000078b2ff540,0x000000078b300000)
  to   space 19968K, 0% used [0x000000078d200000,0x000000078d200000,0x000000078e580000)
 ParOldGen       total 124928K, used 20031K [0x0000000701400000, 0x0000000708e00000, 0x0000000780700000)
  object space 124928K, 16% used [0x0000000701400000,0x000000070278fc10,0x0000000708e00000)
 Metaspace       used 56036K, capacity 58549K, committed 58664K, reserved 1099776K
  class space    used 7437K, capacity 7931K, committed 7984K, reserved 1048576K
}

